\BOOKMARK [0][-]{section*.1}{Contents}{}% 1
\BOOKMARK [0][-]{chapter.1}{Abelian Categories}{}% 2
\BOOKMARK [1][-]{section.1.1}{Additive categories}{chapter.1}% 3
\BOOKMARK [1][-]{section.1.2}{Semiadditive categories}{chapter.1}% 4
\BOOKMARK [1][-]{section.1.3}{Abelian categories}{chapter.1}% 5
\BOOKMARK [1][-]{section.1.4}{Exact sequences}{chapter.1}% 6
\BOOKMARK [1][-]{section.1.5}{Adjoint functors}{chapter.1}% 7
\BOOKMARK [1][-]{section.1.6}{Limits and derived functors}{chapter.1}% 8
\BOOKMARK [0][-]{chapter.2}{Sheaf Theory}{}% 9
\BOOKMARK [1][-]{section.2.1}{Presheaves}{chapter.2}% 10
\BOOKMARK [1][-]{section.2.2}{Sheaves}{chapter.2}% 11
\BOOKMARK [1][-]{section.2.3}{\311tal\351 space of a presheaf and sheafification}{chapter.2}% 12
\BOOKMARK [1][-]{section.2.4}{Maps defined on a basis}{chapter.2}% 13
\BOOKMARK [1][-]{section.2.5}{Exact sequences}{chapter.2}% 14
\BOOKMARK [1][-]{section.2.6}{Direct sums of sheaves}{chapter.2}% 15
\BOOKMARK [1][-]{section.2.7}{Sheaves over different spaces}{chapter.2}% 16
\BOOKMARK [1][-]{section.2.8}{The Hom sheaf}{chapter.2}% 17
\BOOKMARK [1][-]{section.2.9}{Injective sheaves}{chapter.2}% 18
\BOOKMARK [0][-]{chapter.3}{Scheme Theory}{}% 19
\BOOKMARK [1][-]{section.3.1}{Locally ringed spaces}{chapter.3}% 20
\BOOKMARK [1][-]{section.3.2}{Morphisms}{chapter.3}% 21
\BOOKMARK [1][-]{section.3.3}{OX-Modules}{chapter.3}% 22
\BOOKMARK [1][-]{section.3.4}{Sheaf of ideals}{chapter.3}% 23
\BOOKMARK [1][-]{section.3.5}{Reduced schemes}{chapter.3}% 24
\BOOKMARK [1][-]{section.3.6}{Tangent space}{chapter.3}% 25
\BOOKMARK [0][-]{chapter.4}{Spectral sequences}{}% 26
\BOOKMARK [0][-]{chapter.5}{Group cohomology}{}% 27
\BOOKMARK [0][-]{chapter.6}{Appendix}{}% 28
\BOOKMARK [1][-]{section.6.1}{Category theory results}{chapter.6}% 29
\BOOKMARK [1][-]{section.6.2}{Properties of sheaves of rings}{chapter.6}% 30
\BOOKMARK [1][-]{section.6.3}{Restriction}{chapter.6}% 31
\BOOKMARK [1][-]{section.6.4}{Results on schemes}{chapter.6}% 32
